  BitmapStore.cpp
D:\VS Project\SpaceInvader++\BitmapStore.cpp(47,1): warning C4067: unexpected tokens following preprocessor directive - expected a newline
  Button.cpp
D:\VS Project\SpaceInvader++\Button.cpp(8,39): warning C4244: 'argument': conversion from 'float' to 'unsigned int', possible loss of data
  GameEngine.cpp
D:\VS Project\SpaceInvader++\GameEngine.cpp(5,46): warning C4244: '=': conversion from 'unsigned int' to 'T', possible loss of data
          with
          [
              T=float
          ]
D:\VS Project\SpaceInvader++\GameEngine.cpp(6,46): warning C4244: '=': conversion from 'unsigned int' to 'T', possible loss of data
          with
          [
              T=float
          ]
D:\VS Project\SpaceInvader++\GameEngine.cpp(7,56): warning C4244: 'argument': conversion from 'T' to 'unsigned int', possible loss of data
          with
          [
              T=float
          ]
D:\VS Project\SpaceInvader++\GameEngine.cpp(7,40): warning C4244: 'argument': conversion from 'T' to 'unsigned int', possible loss of data
          with
          [
              T=float
          ]
D:\VS Project\SpaceInvader++\GameEngine.cpp(10,40): warning C4244: 'argument': conversion from 'T' to 'T', possible loss of data
          with
          [
              T=float
          ]
          and
          [
              T=int
          ]
D:\VS Project\SpaceInvader++\GameEngine.cpp(10,24): warning C4244: 'argument': conversion from 'T' to 'T', possible loss of data
          with
          [
              T=float
          ]
          and
          [
              T=int
          ]
  GameInputHandler.cpp
  GameOverInputHandler.cpp
  GameOverUIPanel.cpp
D:\VS Project\SpaceInvader++\GameOverUIPanel.cpp(10,9): warning C4244: 'argument': conversion from 'int' to 'float', possible loss of data
D:\VS Project\SpaceInvader++\GameOverUIPanel.cpp(9,16): warning C4244: 'argument': conversion from 'int' to 'float', possible loss of data
D:\VS Project\SpaceInvader++\GameOverUIPanel.cpp(13,24): warning C4244: '=': conversion from 'int' to 'float', possible loss of data
D:\VS Project\SpaceInvader++\GameOverUIPanel.cpp(14,25): warning C4244: '=': conversion from 'int' to 'float', possible loss of data
D:\VS Project\SpaceInvader++\GameOverUIPanel.cpp(15,26): warning C4244: '=': conversion from 'int' to 'float', possible loss of data
D:\VS Project\SpaceInvader++\GameOverUIPanel.cpp(30,3): warning C4244: 'argument': conversion from 'float' to 'int', possible loss of data
D:\VS Project\SpaceInvader++\GameOverUIPanel.cpp(29,3): warning C4244: 'argument': conversion from 'float' to 'int', possible loss of data
D:\VS Project\SpaceInvader++\GameOverUIPanel.cpp(36,4): warning C4244: 'argument': conversion from 'float' to 'int', possible loss of data
D:\VS Project\SpaceInvader++\GameOverUIPanel.cpp(35,4): warning C4244: 'argument': conversion from 'float' to 'int', possible loss of data
  GameScreen.cpp
D:\VS Project\SpaceInvader++\GameScreen.cpp(22,20): warning C4244: 'initializing': conversion from 'unsigned int' to 'float', possible loss of data
D:\VS Project\SpaceInvader++\GameScreen.cpp(24,53): warning C4244: '=': conversion from 'float' to 'int', possible loss of data
D:\VS Project\SpaceInvader++\GameScreen.cpp(27,40): warning C4244: 'argument': conversion from 'int' to 'float', possible loss of data
D:\VS Project\SpaceInvader++\GameScreen.cpp(29,31): warning C4244: 'argument': conversion from 'int' to 'T', possible loss of data
          with
          [
              T=float
          ]
  GameUIPanel.cpp
D:\VS Project\SpaceInvader++\GameUIPanel.cpp(11,9): warning C4244: 'argument': conversion from 'int' to 'float', possible loss of data
D:\VS Project\SpaceInvader++\GameUIPanel.cpp(10,9): warning C4244: 'argument': conversion from 'int' to 'float', possible loss of data
  InputHandler.cpp
  Screen.cpp
  ScreenManager.cpp
  ScreenManagerRemoteControl.cpp
  SelectInputHandler.cpp
  SelectScreen.cpp
  SelectUIPannel.cpp
D:\VS Project\SpaceInvader++\SelectUIPannel.cpp(11,9): warning C4244: 'argument': conversion from 'int' to 'float', possible loss of data
D:\VS Project\SpaceInvader++\SelectUIPannel.cpp(10,16): warning C4244: 'argument': conversion from 'int' to 'float', possible loss of data
D:\VS Project\SpaceInvader++\SelectUIPannel.cpp(14,24): warning C4244: '=': conversion from 'int' to 'float', possible loss of data
D:\VS Project\SpaceInvader++\SelectUIPannel.cpp(15,25): warning C4244: '=': conversion from 'int' to 'float', possible loss of data
D:\VS Project\SpaceInvader++\SelectUIPannel.cpp(16,26): warning C4244: '=': conversion from 'int' to 'float', possible loss of data
D:\VS Project\SpaceInvader++\SelectUIPannel.cpp(33,3): warning C4244: 'argument': conversion from 'float' to 'int', possible loss of data
D:\VS Project\SpaceInvader++\SelectUIPannel.cpp(32,3): warning C4244: 'argument': conversion from 'float' to 'int', possible loss of data
D:\VS Project\SpaceInvader++\SelectUIPannel.cpp(39,3): warning C4244: 'argument': conversion from 'float' to 'int', possible loss of data
D:\VS Project\SpaceInvader++\SelectUIPannel.cpp(38,3): warning C4244: 'argument': conversion from 'float' to 'int', possible loss of data
  SoundEngine.cpp
  SpaceInvader++.cpp
  UIPanel.cpp
C:\Program Files\Microsoft Visual Studio\2022\Community\VC\Tools\MSVC\14.36.32532\include\xutility(265,77): warning C4244: 'argument': conversion from 'int' to 'float', possible loss of data
C:\Program Files\Microsoft Visual Studio\2022\Community\VC\Tools\MSVC\14.36.32532\include\memory(2092,13): message : see reference to function template instantiation 'void std::_Construct_in_place<_Ty,sf::Vector2<float>,int&,int&,int&,int&,int&,std::string&>(_Ty &,sf::Vector2<float> &&,int &,int &,int &,int &,int &,std::string &) noexcept(false)' being compiled
          with
          [
              _Ty=Button
          ]
C:\Program Files\Microsoft Visual Studio\2022\Community\VC\Tools\MSVC\14.36.32532\include\memory(2765,46): message : see reference to function template instantiation 'std::_Ref_count_obj2<Button>::_Ref_count_obj2<_Ty,int&,int&,int&,int&,int&,std::string&>(_Ty &&,int &,int &,int &,int &,int &,std::string &)' being compiled
          with
          [
              _Ty=sf::Vector2f
          ]
D:\VS Project\SpaceInvader++\UIPanel.cpp(38,22): message : see reference to function template instantiation 'std::shared_ptr<Button> std::make_shared<Button,sf::Vector2f,int&,int&,int&,int&,int&,std::string&>(sf::Vector2f &&,int &,int &,int &,int &,int &,std::string &)' being compiled
  Generating Code...
  SpaceInvader++.vcxproj -> D:\VS Project\SpaceInvader++\Debug\SpaceInvader++.exe
