d:\vs project\spaceinvader++\debug\vc143.pdb
d:\vs project\spaceinvader++\debug\vc143.idb
d:\vs project\spaceinvader++\debug\uipanel.obj
d:\vs project\spaceinvader++\debug\spaceinvader++.obj
d:\vs project\spaceinvader++\debug\soundengine.obj
d:\vs project\spaceinvader++\debug\selectscreen.obj
d:\vs project\spaceinvader++\debug\selectinputhandler.obj
d:\vs project\spaceinvader++\debug\screenmanagerremotecontrol.obj
d:\vs project\spaceinvader++\debug\screenmanager.obj
d:\vs project\spaceinvader++\debug\screen.obj
d:\vs project\spaceinvader++\debug\inputhandler.obj
d:\vs project\spaceinvader++\debug\gameuipanel.obj
d:\vs project\spaceinvader++\debug\gamescreen.obj
d:\vs project\spaceinvader++\debug\gameoveruipanel.obj
d:\vs project\spaceinvader++\debug\gameoverinputhandler.obj
d:\vs project\spaceinvader++\debug\gameinputhandler.obj
d:\vs project\spaceinvader++\debug\gameengine.obj
d:\vs project\spaceinvader++\debug\button.obj
d:\vs project\spaceinvader++\debug\bitmapstore.obj
d:\vs project\spaceinvader++\debug\rectcollidercomponent.obj
d:\vs project\spaceinvader++\debug\playerupdatecomponent.obj
d:\vs project\spaceinvader++\debug\playmodeobjectloader.obj
d:\vs project\spaceinvader++\debug\physicsengineplaymode.obj
d:\vs project\spaceinvader++\debug\objecttags.obj
d:\vs project\spaceinvader++\debug\levelmanager.obj
d:\vs project\spaceinvader++\debug\invaderupdatecomponent.obj
d:\vs project\spaceinvader++\debug\gameobjectfactoryplaymode.obj
d:\vs project\spaceinvader++\debug\gameobjectblueprint.obj
d:\vs project\spaceinvader++\debug\gameobject.obj
d:\vs project\spaceinvader++\debug\bulletupdatecomponent.obj
d:\vs project\spaceinvader++\debug\blueprintobjectparser.obj
d:\vs project\spaceinvader++\debug\transformcomponent.obj
d:\vs project\spaceinvader++\debug\standardgraphicscomponent.obj
d:\vs project\spaceinvader++\debug\selectuipanel.obj
d:\vs project\spaceinvader++\debug\spaceinvader++.exe
d:\vs project\spaceinvader++\debug\spaceinvader++.ilk
d:\vs project\spaceinvader++\debug\spaceinvader++.pdb
d:\vs project\spaceinvader++\debug\selectuipannel.obj
d:\vs project\spaceinvader++\debug\spaceinvader++.tlog\cl.command.1.tlog
d:\vs project\spaceinvader++\debug\spaceinvader++.tlog\cl.items.tlog
d:\vs project\spaceinvader++\debug\spaceinvader++.tlog\cl.read.1.tlog
d:\vs project\spaceinvader++\debug\spaceinvader++.tlog\cl.write.1.tlog
d:\vs project\spaceinvader++\debug\spaceinvader++.tlog\link.command.1.tlog
d:\vs project\spaceinvader++\debug\spaceinvader++.tlog\link.read.1.tlog
d:\vs project\spaceinvader++\debug\spaceinvader++.tlog\link.write.1.tlog
